<?xml version="1.0" encoding="UTF-8"?>
<!-- Generated by org.testng.reporters.JUnitReportReporter -->
<testsuite skipped="0" hostname="Sams-Air" name="com.class04.NewtoursExample" tests="3" failures="0" timestamp="06 Jun 2019 23:56:30 GMT" time="19.512" errors="0">
  <testcase name="contactInformation" time="9.637" classname="com.class04.NewtoursExample"/>
  <testcase name="mailingInformation" time="4.808" classname="com.class04.NewtoursExample"/>
  <testcase name="userInformation" time="5.067" classname="com.class04.NewtoursExample"/>
</testsuite> <!-- com.class04.NewtoursExample -->
