<?xml version="1.0" encoding="UTF-8"?>
<!-- Generated by org.testng.reporters.JUnitReportReporter -->
<testsuite skipped="0" hostname="Sams-Air" name="com.class01.Task1" tests="1" failures="0" timestamp="30 May 2019 22:18:45 GMT" time="9.663" errors="0">
  <testcase name="login" time="9.663" classname="com.class01.Task1"/>
</testsuite> <!-- com.class01.Task1 -->
