<?xml version="1.0" encoding="UTF-8"?>
<!-- Generated by org.testng.reporters.JUnitReportReporter -->
<testsuite skipped="0" hostname="Sams-Air" name="com.class01.TestDemo" tests="3" failures="0" timestamp="29 May 2019 01:15:50 GMT" time="0.046" errors="0">
  <testcase name="a" time="0.019" classname="com.class01.TestDemo"/>
  <testcase name="test" time="0.011" classname="com.class01.TestDemo"/>
  <testcase name="b" time="0.016" classname="com.class01.TestDemo"/>
</testsuite> <!-- com.class01.TestDemo -->
