<?xml version="1.0" encoding="UTF-8"?>
<!-- Generated by org.testng.reporters.JUnitReportReporter -->
<testsuite skipped="0" hostname="Sams-Air" name="com.class01.BeforeAndAfterMethod" tests="2" failures="0" timestamp="29 May 2019 01:31:42 GMT" time="0.022" errors="0">
  <testcase name="TestMethodOne" time="0.008" classname="com.class01.BeforeAndAfterMethod"/>
  <testcase name="testMethodTwo" time="0.014" classname="com.class01.BeforeAndAfterMethod"/>
</testsuite> <!-- com.class01.BeforeAndAfterMethod -->
