<?xml version="1.0" encoding="UTF-8"?>
<!-- Generated by org.testng.reporters.JUnitReportReporter -->
<testsuite skipped="0" hostname="Sams-Air" name="com.class05.SmartBearDemo" tests="2" failures="0" timestamp="12 Jun 2019 01:41:21 GMT" time="13.538" errors="0">
  <testcase name="testUsers" time="5.827" classname="com.class05.SmartBearDemo"/>
  <testcase name="testUsers" time="7.711" classname="com.class05.SmartBearDemo"/>
</testsuite> <!-- com.class05.SmartBearDemo -->
