<?xml version="1.0" encoding="UTF-8"?>
<!-- Generated by org.testng.reporters.JUnitReportReporter -->
<testsuite skipped="0" hostname="Sams-Air" name="com.class12.BrokenLinksDemo" tests="1" failures="0" timestamp="02 Jun 2019 17:00:48 GMT" time="8.755" errors="0">
  <testcase name="brokenLinksVerification" time="8.755" classname="com.class12.BrokenLinksDemo"/>
</testsuite> <!-- com.class12.BrokenLinksDemo -->
